[debug] [2020-09-23T14:14:14.535Z] ----------------------------------------------------------------------
[debug] [2020-09-23T14:14:14.538Z] Command:       /usr/local/bin/node /usr/local/bin/firebase serve
[debug] [2020-09-23T14:14:14.539Z] CLI Version:   8.11.0
[debug] [2020-09-23T14:14:14.539Z] Platform:      darwin
[debug] [2020-09-23T14:14:14.539Z] Node Version:  v13.2.0
[debug] [2020-09-23T14:14:14.540Z] Time:          Wed Sep 23 2020 15:14:14 GMT+0100 (UTC+01:00)
[debug] [2020-09-23T14:14:14.540Z] ----------------------------------------------------------------------
[debug] [2020-09-23T14:14:14.540Z] 
[debug] [2020-09-23T14:14:14.554Z] > command requires scopes: ["email","openid","https://www.googleapis.com/auth/cloudplatformprojects.readonly","https://www.googleapis.com/auth/firebase","https://www.googleapis.com/auth/cloud-platform"]
[debug] [2020-09-23T14:14:14.555Z] > authorizing via signed-in user
[debug] [2020-09-23T14:14:14.555Z] [iam] checking project mktransfert-backend for permissions ["firebase.projects.get"]
[debug] [2020-09-23T14:14:14.558Z] > refreshing access token with scopes: ["email","https://www.googleapis.com/auth/cloud-platform","https://www.googleapis.com/auth/cloudplatformprojects.readonly","https://www.googleapis.com/auth/firebase","openid"]
[debug] [2020-09-23T14:14:14.558Z] >>> HTTP REQUEST POST https://www.googleapis.com/oauth2/v3/token  
 <request body omitted>
[debug] [2020-09-23T14:14:14.879Z] <<< HTTP RESPONSE 200 {"content-type":"application/json; charset=utf-8","vary":"X-Origin, Referer, Origin,Accept-Encoding","date":"Wed, 23 Sep 2020 14:14:14 GMT","server":"scaffolding on HTTPServer2","cache-control":"private","x-xss-protection":"0","x-frame-options":"SAMEORIGIN","x-content-type-options":"nosniff","alt-svc":"h3-Q050=\":443\"; ma=2592000,h3-29=\":443\"; ma=2592000,h3-27=\":443\"; ma=2592000,h3-T051=\":443\"; ma=2592000,h3-T050=\":443\"; ma=2592000,h3-Q046=\":443\"; ma=2592000,h3-Q043=\":443\"; ma=2592000,quic=\":443\"; ma=2592000; v=\"46,43\"","accept-ranges":"none","transfer-encoding":"chunked"}
[debug] [2020-09-23T14:14:14.910Z] >>> HTTP REQUEST POST https://cloudresourcemanager.googleapis.com/v1/projects/mktransfert-backend:testIamPermissions  
 {"permissions":["firebase.projects.get"]}
[debug] [2020-09-23T14:14:15.819Z] <<< HTTP RESPONSE 200 {"content-type":"application/json; charset=UTF-8","vary":"X-Origin, Referer, Origin,Accept-Encoding","date":"Wed, 23 Sep 2020 14:14:15 GMT","server":"ESF","cache-control":"private","x-xss-protection":"0","x-frame-options":"SAMEORIGIN","x-content-type-options":"nosniff","server-timing":"gfet4t7; dur=624","alt-svc":"h3-Q050=\":443\"; ma=2592000,h3-29=\":443\"; ma=2592000,h3-27=\":443\"; ma=2592000,h3-T051=\":443\"; ma=2592000,h3-T050=\":443\"; ma=2592000,h3-Q046=\":443\"; ma=2592000,h3-Q043=\":443\"; ma=2592000,quic=\":443\"; ma=2592000; v=\"46,43\"","accept-ranges":"none","transfer-encoding":"chunked"}
[debug] [2020-09-23T14:14:15.821Z] >>> HTTP REQUEST GET https://firebase.googleapis.com/v1beta1/projects/mktransfert-backend  
 
[debug] [2020-09-23T14:14:16.213Z] <<< HTTP RESPONSE 200 {"content-type":"application/json; charset=UTF-8","vary":"X-Origin, Referer, Origin,Accept-Encoding","date":"Wed, 23 Sep 2020 14:14:16 GMT","server":"ESF","cache-control":"private","x-xss-protection":"0","x-frame-options":"SAMEORIGIN","x-content-type-options":"nosniff","alt-svc":"h3-Q050=\":443\"; ma=2592000,h3-29=\":443\"; ma=2592000,h3-27=\":443\"; ma=2592000,h3-T051=\":443\"; ma=2592000,h3-T050=\":443\"; ma=2592000,h3-Q046=\":443\"; ma=2592000,h3-Q043=\":443\"; ma=2592000,quic=\":443\"; ma=2592000; v=\"46,43\"","accept-ranges":"none","transfer-encoding":"chunked"}
[info] 
[info] === Serving from '/Users/mac/Documents/Nodejs-App/mk-backend'...
[info] 
[debug] [2020-09-23T14:14:16.219Z] >>> HTTP REQUEST GET https://firebase.googleapis.com/v1beta1/projects/mktransfert-backend/webApps/-/config  
 
[warn] ⚠  Your requested "node" version "10" doesn't match your global version "13" {"metadata":{"emulator":{"name":"functions"},"message":"Your requested \"node\" version \"10\" doesn't match your global version \"13\""}}
[debug] [2020-09-23T14:14:16.234Z] defaultcredentials: writing to file /Users/mac/.config/firebase/coolyzoubga_gmail_com_application_default_credentials.json
[debug] [2020-09-23T14:14:16.237Z] Setting GAC to /Users/mac/.config/firebase/coolyzoubga_gmail_com_application_default_credentials.json {"metadata":{"emulator":{"name":"functions"},"message":"Setting GAC to /Users/mac/.config/firebase/coolyzoubga_gmail_com_application_default_credentials.json"}}
[debug] [2020-09-23T14:14:17.151Z] <<< HTTP RESPONSE 200 {"content-type":"application/json; charset=UTF-8","vary":"X-Origin, Referer, Origin,Accept-Encoding","date":"Wed, 23 Sep 2020 14:14:17 GMT","server":"ESF","cache-control":"private","x-xss-protection":"0","x-frame-options":"SAMEORIGIN","x-content-type-options":"nosniff","alt-svc":"h3-Q050=\":443\"; ma=2592000,h3-29=\":443\"; ma=2592000,h3-27=\":443\"; ma=2592000,h3-T051=\":443\"; ma=2592000,h3-T050=\":443\"; ma=2592000,h3-Q046=\":443\"; ma=2592000,h3-Q043=\":443\"; ma=2592000,quic=\":443\"; ma=2592000; v=\"46,43\"","accept-ranges":"none","transfer-encoding":"chunked"}
[info] i  functions: Watching "/Users/mac/Documents/Nodejs-App/mk-backend/functions" for Cloud Functions... {"metadata":{"emulator":{"name":"functions"},"message":"Watching \"/Users/mac/Documents/Nodejs-App/mk-backend/functions\" for Cloud Functions..."}}
[debug] [2020-09-23T14:14:17.214Z] [worker-pool] addWorker(~diagnostic~) {"metadata":{"emulator":{"name":"functions"},"message":"[worker-pool] addWorker(~diagnostic~)"}}
[debug] [2020-09-23T14:14:17.215Z] [worker-pool] Adding worker with key ~diagnostic~, total=1 {"metadata":{"emulator":{"name":"functions"},"message":"[worker-pool] Adding worker with key ~diagnostic~, total=1"}}
[debug] [2020-09-23T14:14:17.215Z] [worker-pool] submitWork(triggerId=) {"metadata":{"emulator":{"name":"functions"},"message":"[worker-pool] submitWork(triggerId=)"}}
[debug] [2020-09-23T14:14:17.216Z] [worker-~diagnostic~-4a74ccd4-9783-4177-bcdd-bacd721cf604]: Assigning socketPath: /var/folders/2z/kq868_g122g6_t78pfn7lj280000gn/T/fire_emu_52697.sock {"metadata":{"emulator":{"name":"functions"},"message":"[worker-~diagnostic~-4a74ccd4-9783-4177-bcdd-bacd721cf604]: Assigning socketPath: /var/folders/2z/kq868_g122g6_t78pfn7lj280000gn/T/fire_emu_52697.sock"}}
[debug] [2020-09-23T14:14:17.216Z] [worker-~diagnostic~-4a74ccd4-9783-4177-bcdd-bacd721cf604]: BUSY {"metadata":{"emulator":{"name":"functions"},"message":"[worker-~diagnostic~-4a74ccd4-9783-4177-bcdd-bacd721cf604]: BUSY"}}
[info] i  hosting: Serving hosting files from: public  {"metadata":{"emulator":{"name":"hosting"},"message":"Serving hosting files from: \u001b[1mpublic \u001b[22m"}}
[info] ✔  hosting: Local server: http://localhost:5000 {"metadata":{"emulator":{"name":"hosting"},"message":"Local server: \u001b[4m\u001b[1mhttp://localhost:5000\u001b[22m\u001b[24m"}}
[debug] [2020-09-23T14:14:17.573Z] [runtime-status] [52697] Functions runtime initialized. {"cwd":"/Users/mac/Documents/Nodejs-App/mk-backend/functions","node_version":"13.2.0"} {"metadata":{"emulator":{"name":"functions"},"message":"[runtime-status] [52697] Functions runtime initialized. {\"cwd\":\"/Users/mac/Documents/Nodejs-App/mk-backend/functions\",\"node_version\":\"13.2.0\"}"}}
[debug] [2020-09-23T14:14:17.576Z] [runtime-status] [52697] Disabled runtime features: undefined {"metadata":{"emulator":{"name":"functions"},"message":"[runtime-status] [52697] Disabled runtime features: undefined"}}
[debug] [2020-09-23T14:14:17.582Z] [runtime-status] [52697] Resolved module firebase-admin {"declared":true,"installed":true,"version":"8.13.0","resolution":"/Users/mac/Documents/Nodejs-App/mk-backend/functions/node_modules/firebase-admin/lib/index.js"} {"metadata":{"emulator":{"name":"functions"},"message":"[runtime-status] [52697] Resolved module firebase-admin {\"declared\":true,\"installed\":true,\"version\":\"8.13.0\",\"resolution\":\"/Users/mac/Documents/Nodejs-App/mk-backend/functions/node_modules/firebase-admin/lib/index.js\"}"}}
[debug] [2020-09-23T14:14:17.584Z] [runtime-status] [52697] Resolved module firebase-functions {"declared":true,"installed":true,"version":"3.11.0","resolution":"/Users/mac/Documents/Nodejs-App/mk-backend/functions/node_modules/firebase-functions/lib/index.js"} {"metadata":{"emulator":{"name":"functions"},"message":"[runtime-status] [52697] Resolved module firebase-functions {\"declared\":true,\"installed\":true,\"version\":\"3.11.0\",\"resolution\":\"/Users/mac/Documents/Nodejs-App/mk-backend/functions/node_modules/firebase-functions/lib/index.js\"}"}}
[debug] [2020-09-23T14:14:17.586Z] [runtime-status] [52697] Resolved module firebase-functions {"declared":true,"installed":true,"version":"3.11.0","resolution":"/Users/mac/Documents/Nodejs-App/mk-backend/functions/node_modules/firebase-functions/lib/index.js"} {"metadata":{"emulator":{"name":"functions"},"message":"[runtime-status] [52697] Resolved module firebase-functions {\"declared\":true,\"installed\":true,\"version\":\"3.11.0\",\"resolution\":\"/Users/mac/Documents/Nodejs-App/mk-backend/functions/node_modules/firebase-functions/lib/index.js\"}"}}
[debug] [2020-09-23T14:14:17.591Z] [runtime-status] [52697] Outgoing network have been stubbed. [{"name":"http","status":"mocked"},{"name":"http","status":"mocked"},{"name":"https","status":"mocked"},{"name":"https","status":"mocked"},{"name":"net","status":"mocked"}] {"metadata":{"emulator":{"name":"functions"},"message":"[runtime-status] [52697] Outgoing network have been stubbed. [{\"name\":\"http\",\"status\":\"mocked\"},{\"name\":\"http\",\"status\":\"mocked\"},{\"name\":\"https\",\"status\":\"mocked\"},{\"name\":\"https\",\"status\":\"mocked\"},{\"name\":\"net\",\"status\":\"mocked\"}]"}}
[debug] [2020-09-23T14:14:17.591Z] [runtime-status] [52697] Resolved module firebase-functions {"declared":true,"installed":true,"version":"3.11.0","resolution":"/Users/mac/Documents/Nodejs-App/mk-backend/functions/node_modules/firebase-functions/lib/index.js"} {"metadata":{"emulator":{"name":"functions"},"message":"[runtime-status] [52697] Resolved module firebase-functions {\"declared\":true,\"installed\":true,\"version\":\"3.11.0\",\"resolution\":\"/Users/mac/Documents/Nodejs-App/mk-backend/functions/node_modules/firebase-functions/lib/index.js\"}"}}
[debug] [2020-09-23T14:14:17.683Z] [runtime-status] [52697] Checked functions.config() {"config":{}} {"metadata":{"emulator":{"name":"functions"},"message":"[runtime-status] [52697] Checked functions.config() {\"config\":{}}"}}
[debug] [2020-09-23T14:14:17.683Z] [runtime-status] [52697] firebase-functions has been stubbed. {"functionsResolution":{"declared":true,"installed":true,"version":"3.11.0","resolution":"/Users/mac/Documents/Nodejs-App/mk-backend/functions/node_modules/firebase-functions/lib/index.js"}} {"metadata":{"emulator":{"name":"functions"},"message":"[runtime-status] [52697] firebase-functions has been stubbed. {\"functionsResolution\":{\"declared\":true,\"installed\":true,\"version\":\"3.11.0\",\"resolution\":\"/Users/mac/Documents/Nodejs-App/mk-backend/functions/node_modules/firebase-functions/lib/index.js\"}}"}}
[debug] [2020-09-23T14:14:17.684Z] [runtime-status] [52697] Resolved module firebase-functions {"declared":true,"installed":true,"version":"3.11.0","resolution":"/Users/mac/Documents/Nodejs-App/mk-backend/functions/node_modules/firebase-functions/lib/index.js"} {"metadata":{"emulator":{"name":"functions"},"message":"[runtime-status] [52697] Resolved module firebase-functions {\"declared\":true,\"installed\":true,\"version\":\"3.11.0\",\"resolution\":\"/Users/mac/Documents/Nodejs-App/mk-backend/functions/node_modules/firebase-functions/lib/index.js\"}"}}
[debug] [2020-09-23T14:14:17.685Z] [runtime-status] [52697] Resolved module firebase-admin {"declared":true,"installed":true,"version":"8.13.0","resolution":"/Users/mac/Documents/Nodejs-App/mk-backend/functions/node_modules/firebase-admin/lib/index.js"} {"metadata":{"emulator":{"name":"functions"},"message":"[runtime-status] [52697] Resolved module firebase-admin {\"declared\":true,\"installed\":true,\"version\":\"8.13.0\",\"resolution\":\"/Users/mac/Documents/Nodejs-App/mk-backend/functions/node_modules/firebase-admin/lib/index.js\"}"}}
[debug] [2020-09-23T14:14:17.685Z] [runtime-status] [52697] Resolved module firebase-functions {"declared":true,"installed":true,"version":"3.11.0","resolution":"/Users/mac/Documents/Nodejs-App/mk-backend/functions/node_modules/firebase-functions/lib/index.js"} {"metadata":{"emulator":{"name":"functions"},"message":"[runtime-status] [52697] Resolved module firebase-functions {\"declared\":true,\"installed\":true,\"version\":\"3.11.0\",\"resolution\":\"/Users/mac/Documents/Nodejs-App/mk-backend/functions/node_modules/firebase-functions/lib/index.js\"}"}}
[debug] [2020-09-23T14:14:17.686Z] [runtime-status] [52697] firebase-admin has been stubbed. {"adminResolution":{"declared":true,"installed":true,"version":"8.13.0","resolution":"/Users/mac/Documents/Nodejs-App/mk-backend/functions/node_modules/firebase-admin/lib/index.js"}} {"metadata":{"emulator":{"name":"functions"},"message":"[runtime-status] [52697] firebase-admin has been stubbed. {\"adminResolution\":{\"declared\":true,\"installed\":true,\"version\":\"8.13.0\",\"resolution\":\"/Users/mac/Documents/Nodejs-App/mk-backend/functions/node_modules/firebase-admin/lib/index.js\"}}"}}
[info] ✔  functions[app]: http function initialized (http://localhost:5001/mktransfert-backend/us-central1/app). {"metadata":{"emulator":{"name":"functions"},"message":"\u001b[1mhttp\u001b[22m function initialized (http://localhost:5001/mktransfert-backend/us-central1/app)."}}
[debug] [2020-09-23T14:14:17.974Z] [worker-~diagnostic~-4a74ccd4-9783-4177-bcdd-bacd721cf604]: IDLE {"metadata":{"emulator":{"name":"functions"},"message":"[worker-~diagnostic~-4a74ccd4-9783-4177-bcdd-bacd721cf604]: IDLE"}}
[debug] [2020-09-23T14:14:31.503Z] [work-queue] {"queueLength":1,"workRunningCount":0}
[debug] [2020-09-23T14:14:31.504Z] [work-queue] {"queueLength":0,"workRunningCount":1}
[debug] [2020-09-23T14:14:31.504Z] Accepted request GET /mktransfert-backend/us-central1/app/hello-world --> app
[debug] [2020-09-23T14:14:31.513Z] [worker-pool] addWorker(app) {"metadata":{"emulator":{"name":"functions"},"message":"[worker-pool] addWorker(app)"}}
[debug] [2020-09-23T14:14:31.514Z] [worker-pool] Adding worker with key app, total=1 {"metadata":{"emulator":{"name":"functions"},"message":"[worker-pool] Adding worker with key app, total=1"}}
[debug] [2020-09-23T14:14:31.514Z] [worker-pool] submitWork(triggerId=app) {"metadata":{"emulator":{"name":"functions"},"message":"[worker-pool] submitWork(triggerId=app)"}}
[debug] [2020-09-23T14:14:31.514Z] [worker-app-3649b8bf-aad3-4ab1-b2b6-533fb38143e0]: Assigning socketPath: /var/folders/2z/kq868_g122g6_t78pfn7lj280000gn/T/fire_emu_52724.sock {"metadata":{"emulator":{"name":"functions"},"message":"[worker-app-3649b8bf-aad3-4ab1-b2b6-533fb38143e0]: Assigning socketPath: /var/folders/2z/kq868_g122g6_t78pfn7lj280000gn/T/fire_emu_52724.sock"}}
[debug] [2020-09-23T14:14:31.514Z] [worker-app-3649b8bf-aad3-4ab1-b2b6-533fb38143e0]: BUSY {"metadata":{"emulator":{"name":"functions"},"message":"[worker-app-3649b8bf-aad3-4ab1-b2b6-533fb38143e0]: BUSY"}}
[debug] [2020-09-23T14:14:32.880Z] [runtime-status] [52724] Functions runtime initialized. {"cwd":"/Users/mac/Documents/Nodejs-App/mk-backend/functions","node_version":"13.2.0"} {"metadata":{"emulator":{"name":"functions"},"function":{"name":"app"},"message":"[runtime-status] [52724] Functions runtime initialized. {\"cwd\":\"/Users/mac/Documents/Nodejs-App/mk-backend/functions\",\"node_version\":\"13.2.0\"}"}}
[debug] [2020-09-23T14:14:32.894Z] [runtime-status] [52724] Disabled runtime features: undefined {"metadata":{"emulator":{"name":"functions"},"function":{"name":"app"},"message":"[runtime-status] [52724] Disabled runtime features: undefined"}}
[debug] [2020-09-23T14:14:32.906Z] [runtime-status] [52724] Resolved module firebase-admin {"declared":true,"installed":true,"version":"8.13.0","resolution":"/Users/mac/Documents/Nodejs-App/mk-backend/functions/node_modules/firebase-admin/lib/index.js"} {"metadata":{"emulator":{"name":"functions"},"function":{"name":"app"},"message":"[runtime-status] [52724] Resolved module firebase-admin {\"declared\":true,\"installed\":true,\"version\":\"8.13.0\",\"resolution\":\"/Users/mac/Documents/Nodejs-App/mk-backend/functions/node_modules/firebase-admin/lib/index.js\"}"}}
[debug] [2020-09-23T14:14:32.914Z] [runtime-status] [52724] Resolved module firebase-functions {"declared":true,"installed":true,"version":"3.11.0","resolution":"/Users/mac/Documents/Nodejs-App/mk-backend/functions/node_modules/firebase-functions/lib/index.js"} {"metadata":{"emulator":{"name":"functions"},"function":{"name":"app"},"message":"[runtime-status] [52724] Resolved module firebase-functions {\"declared\":true,\"installed\":true,\"version\":\"3.11.0\",\"resolution\":\"/Users/mac/Documents/Nodejs-App/mk-backend/functions/node_modules/firebase-functions/lib/index.js\"}"}}
[debug] [2020-09-23T14:14:32.920Z] [runtime-status] [52724] Resolved module firebase-functions {"declared":true,"installed":true,"version":"3.11.0","resolution":"/Users/mac/Documents/Nodejs-App/mk-backend/functions/node_modules/firebase-functions/lib/index.js"} {"metadata":{"emulator":{"name":"functions"},"function":{"name":"app"},"message":"[runtime-status] [52724] Resolved module firebase-functions {\"declared\":true,\"installed\":true,\"version\":\"3.11.0\",\"resolution\":\"/Users/mac/Documents/Nodejs-App/mk-backend/functions/node_modules/firebase-functions/lib/index.js\"}"}}
[debug] [2020-09-23T14:14:32.926Z] [runtime-status] [52724] Outgoing network have been stubbed. [{"name":"http","status":"mocked"},{"name":"http","status":"mocked"},{"name":"https","status":"mocked"},{"name":"https","status":"mocked"},{"name":"net","status":"mocked"}] {"metadata":{"emulator":{"name":"functions"},"function":{"name":"app"},"message":"[runtime-status] [52724] Outgoing network have been stubbed. [{\"name\":\"http\",\"status\":\"mocked\"},{\"name\":\"http\",\"status\":\"mocked\"},{\"name\":\"https\",\"status\":\"mocked\"},{\"name\":\"https\",\"status\":\"mocked\"},{\"name\":\"net\",\"status\":\"mocked\"}]"}}
[debug] [2020-09-23T14:14:32.927Z] [runtime-status] [52724] Resolved module firebase-functions {"declared":true,"installed":true,"version":"3.11.0","resolution":"/Users/mac/Documents/Nodejs-App/mk-backend/functions/node_modules/firebase-functions/lib/index.js"} {"metadata":{"emulator":{"name":"functions"},"function":{"name":"app"},"message":"[runtime-status] [52724] Resolved module firebase-functions {\"declared\":true,\"installed\":true,\"version\":\"3.11.0\",\"resolution\":\"/Users/mac/Documents/Nodejs-App/mk-backend/functions/node_modules/firebase-functions/lib/index.js\"}"}}
[debug] [2020-09-23T14:14:33.077Z] [runtime-status] [52724] Checked functions.config() {"config":{}} {"metadata":{"emulator":{"name":"functions"},"function":{"name":"app"},"message":"[runtime-status] [52724] Checked functions.config() {\"config\":{}}"}}
[debug] [2020-09-23T14:14:33.077Z] [runtime-status] [52724] firebase-functions has been stubbed. {"functionsResolution":{"declared":true,"installed":true,"version":"3.11.0","resolution":"/Users/mac/Documents/Nodejs-App/mk-backend/functions/node_modules/firebase-functions/lib/index.js"}} {"metadata":{"emulator":{"name":"functions"},"function":{"name":"app"},"message":"[runtime-status] [52724] firebase-functions has been stubbed. {\"functionsResolution\":{\"declared\":true,\"installed\":true,\"version\":\"3.11.0\",\"resolution\":\"/Users/mac/Documents/Nodejs-App/mk-backend/functions/node_modules/firebase-functions/lib/index.js\"}}"}}
[debug] [2020-09-23T14:14:33.078Z] [runtime-status] [52724] Resolved module firebase-functions {"declared":true,"installed":true,"version":"3.11.0","resolution":"/Users/mac/Documents/Nodejs-App/mk-backend/functions/node_modules/firebase-functions/lib/index.js"} {"metadata":{"emulator":{"name":"functions"},"function":{"name":"app"},"message":"[runtime-status] [52724] Resolved module firebase-functions {\"declared\":true,\"installed\":true,\"version\":\"3.11.0\",\"resolution\":\"/Users/mac/Documents/Nodejs-App/mk-backend/functions/node_modules/firebase-functions/lib/index.js\"}"}}
[debug] [2020-09-23T14:14:33.079Z] [runtime-status] [52724] Resolved module firebase-admin {"declared":true,"installed":true,"version":"8.13.0","resolution":"/Users/mac/Documents/Nodejs-App/mk-backend/functions/node_modules/firebase-admin/lib/index.js"} {"metadata":{"emulator":{"name":"functions"},"function":{"name":"app"},"message":"[runtime-status] [52724] Resolved module firebase-admin {\"declared\":true,\"installed\":true,\"version\":\"8.13.0\",\"resolution\":\"/Users/mac/Documents/Nodejs-App/mk-backend/functions/node_modules/firebase-admin/lib/index.js\"}"}}
[debug] [2020-09-23T14:14:33.080Z] [runtime-status] [52724] Resolved module firebase-functions {"declared":true,"installed":true,"version":"3.11.0","resolution":"/Users/mac/Documents/Nodejs-App/mk-backend/functions/node_modules/firebase-functions/lib/index.js"} {"metadata":{"emulator":{"name":"functions"},"function":{"name":"app"},"message":"[runtime-status] [52724] Resolved module firebase-functions {\"declared\":true,\"installed\":true,\"version\":\"3.11.0\",\"resolution\":\"/Users/mac/Documents/Nodejs-App/mk-backend/functions/node_modules/firebase-functions/lib/index.js\"}"}}
[debug] [2020-09-23T14:14:33.080Z] [runtime-status] [52724] firebase-admin has been stubbed. {"adminResolution":{"declared":true,"installed":true,"version":"8.13.0","resolution":"/Users/mac/Documents/Nodejs-App/mk-backend/functions/node_modules/firebase-admin/lib/index.js"}} {"metadata":{"emulator":{"name":"functions"},"function":{"name":"app"},"message":"[runtime-status] [52724] firebase-admin has been stubbed. {\"adminResolution\":{\"declared\":true,\"installed\":true,\"version\":\"8.13.0\",\"resolution\":\"/Users/mac/Documents/Nodejs-App/mk-backend/functions/node_modules/firebase-admin/lib/index.js\"}}"}}
[debug] [2020-09-23T14:14:33.480Z] [runtime-status] [52724] Trigger "app" has been found, beginning invocation! {"metadata":{"emulator":{"name":"functions"},"function":{"name":"app"},"message":"[runtime-status] [52724] Trigger \"app\" has been found, beginning invocation!"}}
[info] i  functions: Beginning execution of "app" {"metadata":{"emulator":{"name":"functions"},"function":{"name":"app"},"message":"Beginning execution of \"app\""}}
[debug] [2020-09-23T14:14:33.481Z] [runtime-status] [52724] triggerDefinition {"httpsTrigger":{},"name":"app","entryPoint":"app"} {"metadata":{"emulator":{"name":"functions"},"function":{"name":"app"},"message":"[runtime-status] [52724] triggerDefinition {\"httpsTrigger\":{},\"name\":\"app\",\"entryPoint\":\"app\"}"}}
[debug] [2020-09-23T14:14:33.481Z] [runtime-status] [52724] Running app in mode HTTPS {"metadata":{"emulator":{"name":"functions"},"function":{"name":"app"},"message":"[runtime-status] [52724] Running app in mode HTTPS"}}
[debug] [2020-09-23T14:14:33.493Z] [runtime-status] [52724] Attempting to listen to socketPath: /var/folders/2z/kq868_g122g6_t78pfn7lj280000gn/T/fire_emu_52724.sock {"metadata":{"emulator":{"name":"functions"},"function":{"name":"app"},"message":"[runtime-status] [52724] Attempting to listen to socketPath: /var/folders/2z/kq868_g122g6_t78pfn7lj280000gn/T/fire_emu_52724.sock"}}
[debug] [2020-09-23T14:14:33.498Z] [functions] Runtime ready! Sending request! {"metadata":{"emulator":{"name":"functions"},"message":"[functions] Runtime ready! Sending request!"}}
[debug] [2020-09-23T14:14:33.513Z] [runtime-status] [52724] Ephemeral server handling GET request {"metadata":{"emulator":{"name":"functions"},"function":{"name":"app"},"message":"[runtime-status] [52724] Ephemeral server handling GET request"}}
[debug] [2020-09-23T14:14:33.529Z] [runtime-status] [52724] Ephemeral server survived. {"metadata":{"emulator":{"name":"functions"},"function":{"name":"app"},"message":"[runtime-status] [52724] Ephemeral server survived."}}
[info] i  functions: Finished "app" in ~1s {"metadata":{"emulator":{"name":"functions"},"function":{"name":"app"},"message":"Finished \"app\" in ~1s"}}
[debug] [2020-09-23T14:14:33.531Z] [worker-app-3649b8bf-aad3-4ab1-b2b6-533fb38143e0]: IDLE {"metadata":{"emulator":{"name":"functions"},"message":"[worker-app-3649b8bf-aad3-4ab1-b2b6-533fb38143e0]: IDLE"}}
[debug] [2020-09-23T14:14:33.532Z] [work-queue] {"queueLength":0,"workRunningCount":0}
